2024-07-22 21:00:28,276 - INFO - Server started
2024-07-22 21:00:28,330 - INFO - server listening on 127.0.0.1:8765
2024-07-22 21:00:28,330 - INFO - server listening on [::1]:8765
2024-07-22 21:00:38,677 - INFO - connection open
2024-07-22 21:00:53,782 - INFO - connection closed
2024-07-22 21:02:39,578 - INFO - Server started
2024-07-22 21:02:39,618 - INFO - server listening on 127.0.0.1:8765
2024-07-22 21:02:39,619 - INFO - server listening on [::1]:8765
2024-07-23 08:58:36,537 - INFO - Server started
2024-07-23 08:58:36,759 - INFO - server listening on 127.0.0.1:8765
2024-07-23 08:58:36,759 - INFO - server listening on [::1]:8765
2024-07-23 08:59:26,829 - INFO - Server started
2024-07-23 08:59:26,866 - INFO - server listening on 127.0.0.1:8765
2024-07-23 08:59:26,866 - INFO - server listening on [::1]:8765
2024-07-23 08:59:38,381 - INFO - connection open
2024-07-23 08:59:42,809 - INFO - connection closed
2024-07-23 09:05:34,227 - INFO - connection open
2024-07-23 09:05:41,045 - INFO - connection open
2024-07-23 09:05:51,524 - INFO - connection closed
2024-07-23 09:05:56,474 - INFO - connection closed
2024-07-23 09:36:50,054 - INFO - connection open
2024-07-23 09:36:54,860 - INFO - connection closed
2024-07-23 09:37:30,661 - INFO - connection open
2024-07-23 09:37:47,411 - INFO - connection closed
2024-07-23 11:29:37,991 - INFO - connection open
2024-07-23 11:29:46,379 - INFO - connection closed
2024-07-23 11:36:10,373 - INFO - connection open
2024-07-23 11:36:12,732 - INFO - connection closed
